2024-08-30 15:34:34 [ERROR]: undefined 
2024-08-30 15:34:59 [ERROR]: undefined 
2024-08-30 15:36:09 [ERROR]: undefined 
2024-08-30 15:36:18 [ERROR]: undefined 
2024-08-30 15:36:20 [ERROR]: undefined 
2024-08-30 15:36:22 [ERROR]: undefined 
2024-08-30 15:36:24 [ERROR]: undefined 
2024-08-30 16:22:45 [ERROR]: undefined {
  "errors": {
    "username": {
      "name": "ValidatorError",
      "message": "Path `username` is required.",
      "properties": {
        "message": "Path `username` is required.",
        "type": "required",
        "path": "username"
      },
      "kind": "required",
      "path": "username"
    }
  },
  "_message": "User validation failed"
}
2024-08-30 16:29:11 [ERROR]: undefined {
  "errors": {
    "username": {
      "name": "ValidatorError",
      "message": "Path `username` is required.",
      "properties": {
        "message": "Path `username` is required.",
        "type": "required",
        "path": "username"
      },
      "kind": "required",
      "path": "username"
    }
  },
  "_message": "User validation failed"
}
2024-08-30 16:36:00 [ERROR]: undefined {
  "errors": {
    "username": {
      "name": "ValidatorError",
      "message": "Path `username` is required.",
      "properties": {
        "message": "Path `username` is required.",
        "type": "required",
        "path": "username"
      },
      "kind": "required",
      "path": "username"
    }
  },
  "_message": "User validation failed"
}
2024-08-30 17:27:13 [ERROR]: undefined {
  "errors": {
    "username": {
      "name": "ValidatorError",
      "message": "Path `username` is required.",
      "properties": {
        "message": "Path `username` is required.",
        "type": "required",
        "path": "username"
      },
      "kind": "required",
      "path": "username"
    }
  },
  "_message": "User validation failed"
}
2024-08-30 18:23:12 [ERROR]: undefined 
2024-08-30 18:26:43 [ERROR]: undefined 
2024-08-30 18:32:04 [ERROR]: undefined 
2024-08-30 18:32:26 [ERROR]: undefined 
2024-08-30 18:33:09 [ERROR]: undefined 
2024-08-30 18:43:02 [ERROR]: undefined 
2024-08-30 18:44:03 [ERROR]: undefined 
2024-08-30 18:44:07 [ERROR]: undefined 
2024-08-30 18:44:08 [ERROR]: undefined 
2024-08-30 18:56:54 [ERROR]: undefined 
2024-08-30 18:56:59 [ERROR]: undefined 
2024-08-30 18:57:01 [ERROR]: undefined 
2024-08-30 18:57:03 [ERROR]: undefined 
2024-08-30 18:57:04 [ERROR]: undefined 
2024-08-30 18:57:05 [ERROR]: undefined 
2024-08-30 19:05:03 [ERROR]: undefined 
2024-08-30 19:05:05 [ERROR]: undefined 
2024-08-30 19:05:25 [ERROR]: undefined 
2024-08-30 19:07:41 [ERROR]: undefined 
2024-08-31 16:53:07 [ERROR]: undefined {
  "code": "EENVELOPE",
  "response": "501 Syntax error in parameters or arguments",
  "responseCode": 501,
  "command": "MAIL FROM"
}
2024-08-31 16:56:55 [ERROR]: undefined {
  "code": "EENVELOPE",
  "response": "501 Syntax error in parameters or arguments",
  "responseCode": 501,
  "command": "MAIL FROM"
}
2024-08-31 16:58:16 [ERROR]: undefined {
  "code": "EENVELOPE",
  "response": "501 Syntax error in parameters or arguments",
  "responseCode": 501,
  "command": "MAIL FROM"
}
2024-08-31 16:58:48 [ERROR]: undefined {
  "code": "EENVELOPE",
  "response": "501 Syntax error in parameters or arguments",
  "responseCode": 501,
  "command": "MAIL FROM"
}
2024-08-31 16:59:34 [ERROR]: undefined {
  "code": "EENVELOPE",
  "response": "501 Syntax error in parameters or arguments",
  "responseCode": 501,
  "command": "MAIL FROM"
}
