2024-08-30 15:34:34 [ERROR]: undefined 
2024-08-30 15:34:59 [ERROR]: undefined 
2024-08-30 15:36:09 [ERROR]: undefined 
2024-08-30 15:36:18 [ERROR]: undefined 
2024-08-30 15:36:20 [ERROR]: undefined 
2024-08-30 15:36:22 [ERROR]: undefined 
2024-08-30 15:36:24 [ERROR]: undefined 
2024-08-30 16:22:45 [ERROR]: undefined {
  "errors": {
    "username": {
      "name": "ValidatorError",
      "message": "Path `username` is required.",
      "properties": {
        "message": "Path `username` is required.",
        "type": "required",
        "path": "username"
      },
      "kind": "required",
      "path": "username"
    }
  },
  "_message": "User validation failed"
}
2024-08-30 16:29:11 [ERROR]: undefined {
  "errors": {
    "username": {
      "name": "ValidatorError",
      "message": "Path `username` is required.",
      "properties": {
        "message": "Path `username` is required.",
        "type": "required",
        "path": "username"
      },
      "kind": "required",
      "path": "username"
    }
  },
  "_message": "User validation failed"
}
2024-08-30 16:36:00 [ERROR]: undefined {
  "errors": {
    "username": {
      "name": "ValidatorError",
      "message": "Path `username` is required.",
      "properties": {
        "message": "Path `username` is required.",
        "type": "required",
        "path": "username"
      },
      "kind": "required",
      "path": "username"
    }
  },
  "_message": "User validation failed"
}
2024-08-30 17:27:13 [ERROR]: undefined {
  "errors": {
    "username": {
      "name": "ValidatorError",
      "message": "Path `username` is required.",
      "properties": {
        "message": "Path `username` is required.",
        "type": "required",
        "path": "username"
      },
      "kind": "required",
      "path": "username"
    }
  },
  "_message": "User validation failed"
}
2024-08-30 18:23:12 [ERROR]: undefined 
2024-08-30 18:26:43 [ERROR]: undefined 
2024-08-30 18:32:04 [ERROR]: undefined 
2024-08-30 18:32:26 [ERROR]: undefined 
2024-08-30 18:33:09 [ERROR]: undefined 
2024-08-30 18:43:02 [ERROR]: undefined 
2024-08-30 18:44:03 [ERROR]: undefined 
2024-08-30 18:44:07 [ERROR]: undefined 
2024-08-30 18:44:08 [ERROR]: undefined 
2024-08-30 18:56:54 [ERROR]: undefined 
2024-08-30 18:56:59 [ERROR]: undefined 
2024-08-30 18:57:01 [ERROR]: undefined 
2024-08-30 18:57:03 [ERROR]: undefined 
2024-08-30 18:57:04 [ERROR]: undefined 
2024-08-30 18:57:05 [ERROR]: undefined 
2024-08-30 19:05:03 [ERROR]: undefined 
2024-08-30 19:05:05 [ERROR]: undefined 
2024-08-30 19:05:25 [ERROR]: undefined 
2024-08-30 19:07:41 [ERROR]: undefined 
2024-08-31 16:53:07 [ERROR]: undefined {
  "code": "EENVELOPE",
  "response": "501 Syntax error in parameters or arguments",
  "responseCode": 501,
  "command": "MAIL FROM"
}
2024-08-31 16:56:55 [ERROR]: undefined {
  "code": "EENVELOPE",
  "response": "501 Syntax error in parameters or arguments",
  "responseCode": 501,
  "command": "MAIL FROM"
}
2024-08-31 16:58:16 [ERROR]: undefined {
  "code": "EENVELOPE",
  "response": "501 Syntax error in parameters or arguments",
  "responseCode": 501,
  "command": "MAIL FROM"
}
2024-08-31 16:58:48 [ERROR]: undefined {
  "code": "EENVELOPE",
  "response": "501 Syntax error in parameters or arguments",
  "responseCode": 501,
  "command": "MAIL FROM"
}
2024-08-31 16:59:34 [ERROR]: undefined {
  "code": "EENVELOPE",
  "response": "501 Syntax error in parameters or arguments",
  "responseCode": 501,
  "command": "MAIL FROM"
}
2024-09-02 18:41:59 [ERROR]: undefined {
  "code": "ERR_HTTP_HEADERS_SENT"
}
2024-09-02 18:51:11 [ERROR]: undefined {
  "code": "ERR_HTTP_HEADERS_SENT"
}
2024-09-04 16:24:49 [ERROR]: undefined {
  "stringValue": "\"id=66d85d2e29997eab01c8fde0\"",
  "kind": "ObjectId",
  "value": "id=66d85d2e29997eab01c8fde0",
  "path": "_id",
  "reason": {},
  "valueType": "string"
}
2024-09-04 16:25:55 [ERROR]: undefined {
  "stringValue": "\"id=66d85d2e29997eab01c8fde0\"",
  "kind": "ObjectId",
  "value": "id=66d85d2e29997eab01c8fde0",
  "path": "_id",
  "reason": {},
  "valueType": "string"
}
2024-09-04 16:26:34 [ERROR]: undefined {
  "stringValue": "\"id=66d85d2e29997eab01c8fde0\"",
  "kind": "ObjectId",
  "value": "id=66d85d2e29997eab01c8fde0",
  "path": "_id",
  "reason": {},
  "valueType": "string"
}
2024-09-04 16:27:09 [ERROR]: undefined {
  "stringValue": "\"id=66d85d2e29997eab01c8fde0\"",
  "kind": "ObjectId",
  "value": "id=66d85d2e29997eab01c8fde0",
  "path": "_id",
  "reason": {},
  "valueType": "string"
}
2024-09-04 16:51:21 [ERROR]: undefined {
  "errorResponse": {
    "index": 0,
    "code": 11000,
    "errmsg": "E11000 duplicate key error collection: cluster0.members index: dni_1 dup key: { dni: \"53198877S\" }",
    "keyPattern": {
      "dni": 1
    },
    "keyValue": {
      "dni": "53198877S"
    }
  },
  "index": 0,
  "code": 11000,
  "keyPattern": {
    "dni": 1
  },
  "keyValue": {
    "dni": "53198877S"
  }
}
2024-09-04 16:59:07 [ERROR]: undefined {
  "errorResponse": {
    "ok": 0,
    "errmsg": "Plan executor error during findAndModify :: caused by :: E11000 duplicate key error collection: cluster0.members index: email_1 dup key: { email: \"manuelxosegonzalez@gmail.com\" }",
    "code": 11000,
    "codeName": "DuplicateKey",
    "keyPattern": {
      "email": 1
    },
    "keyValue": {
      "email": "manuelxosegonzalez@gmail.com"
    },
    "$clusterTime": {
      "clusterTime": {
        "$timestamp": "7410802637152452610"
      },
      "signature": {
        "hash": "XAk6TAB+TIehex/XPTt8dZywT2Q=",
        "keyId": {
          "low": 241,
          "high": 1711728857,
          "unsigned": false
        }
      }
    },
    "operationTime": {
      "$timestamp": "7410802632857485325"
    }
  },
  "ok": 0,
  "code": 11000,
  "codeName": "DuplicateKey",
  "keyPattern": {
    "email": 1
  },
  "keyValue": {
    "email": "manuelxosegonzalez@gmail.com"
  },
  "$clusterTime": {
    "clusterTime": {
      "$timestamp": "7410802637152452610"
    },
    "signature": {
      "hash": "XAk6TAB+TIehex/XPTt8dZywT2Q=",
      "keyId": {
        "low": 241,
        "high": 1711728857,
        "unsigned": false
      }
    }
  },
  "operationTime": {
    "$timestamp": "7410802632857485325"
  }
}
2024-09-04 17:00:40 [ERROR]: undefined {
  "errorResponse": {
    "ok": 0,
    "errmsg": "Plan executor error during findAndModify :: caused by :: E11000 duplicate key error collection: cluster0.members index: email_1 dup key: { email: \"manuelxosegonzalez@gmail.com\" }",
    "code": 11000,
    "codeName": "DuplicateKey",
    "keyPattern": {
      "email": 1
    },
    "keyValue": {
      "email": "manuelxosegonzalez@gmail.com"
    },
    "$clusterTime": {
      "clusterTime": {
        "$timestamp": "7410803036584411140"
      },
      "signature": {
        "hash": "a9c5/wfgZnuonjOtFk1/J3kgkjc=",
        "keyId": {
          "low": 241,
          "high": 1711728857,
          "unsigned": false
        }
      }
    },
    "operationTime": {
      "$timestamp": "7410803036584411138"
    }
  },
  "ok": 0,
  "code": 11000,
  "codeName": "DuplicateKey",
  "keyPattern": {
    "email": 1
  },
  "keyValue": {
    "email": "manuelxosegonzalez@gmail.com"
  },
  "$clusterTime": {
    "clusterTime": {
      "$timestamp": "7410803036584411140"
    },
    "signature": {
      "hash": "a9c5/wfgZnuonjOtFk1/J3kgkjc=",
      "keyId": {
        "low": 241,
        "high": 1711728857,
        "unsigned": false
      }
    }
  },
  "operationTime": {
    "$timestamp": "7410803036584411138"
  }
}
2024-09-04 17:07:21 [ERROR]: undefined {
  "errorResponse": {
    "ok": 0,
    "errmsg": "Plan executor error during findAndModify :: caused by :: E11000 duplicate key error collection: cluster0.members index: email_1 dup key: { email: \"manuelxosegonzalez@gmail.com\" }",
    "code": 11000,
    "codeName": "DuplicateKey",
    "keyPattern": {
      "email": 1
    },
    "keyValue": {
      "email": "manuelxosegonzalez@gmail.com"
    },
    "$clusterTime": {
      "clusterTime": {
        "$timestamp": "7410804758866296838"
      },
      "signature": {
        "hash": "pVFJlFctsg9hhSX9V+77jG8vAVA=",
        "keyId": {
          "low": 241,
          "high": 1711728857,
          "unsigned": false
        }
      }
    },
    "operationTime": {
      "$timestamp": "7410804758866296836"
    }
  },
  "ok": 0,
  "code": 11000,
  "codeName": "DuplicateKey",
  "keyPattern": {
    "email": 1
  },
  "keyValue": {
    "email": "manuelxosegonzalez@gmail.com"
  },
  "$clusterTime": {
    "clusterTime": {
      "$timestamp": "7410804758866296838"
    },
    "signature": {
      "hash": "pVFJlFctsg9hhSX9V+77jG8vAVA=",
      "keyId": {
        "low": 241,
        "high": 1711728857,
        "unsigned": false
      }
    }
  },
  "operationTime": {
    "$timestamp": "7410804758866296836"
  }
}
2024-09-04 18:03:59 [ERROR]: undefined {
  "errorResponse": {
    "ok": 0,
    "errmsg": "Plan executor error during findAndModify :: caused by :: E11000 duplicate key error collection: cluster0.members index: email_1 dup key: { email: \"manuelxosegonzalez@gmail.com\" }",
    "code": 11000,
    "codeName": "DuplicateKey",
    "keyPattern": {
      "email": 1
    },
    "keyValue": {
      "email": "manuelxosegonzalez@gmail.com"
    },
    "$clusterTime": {
      "clusterTime": {
        "$timestamp": "7410819348870201353"
      },
      "signature": {
        "hash": "2cKCPOIm3rBDrZXlF66RkQeJjdk=",
        "keyId": {
          "low": 241,
          "high": 1711728857,
          "unsigned": false
        }
      }
    },
    "operationTime": {
      "$timestamp": "7410819348870201351"
    }
  },
  "ok": 0,
  "code": 11000,
  "codeName": "DuplicateKey",
  "keyPattern": {
    "email": 1
  },
  "keyValue": {
    "email": "manuelxosegonzalez@gmail.com"
  },
  "$clusterTime": {
    "clusterTime": {
      "$timestamp": "7410819348870201353"
    },
    "signature": {
      "hash": "2cKCPOIm3rBDrZXlF66RkQeJjdk=",
      "keyId": {
        "low": 241,
        "high": 1711728857,
        "unsigned": false
      }
    }
  },
  "operationTime": {
    "$timestamp": "7410819348870201351"
  }
}
2024-09-04 18:36:33 [ERROR]: undefined {
  "stringValue": "\"getAll\"",
  "kind": "ObjectId",
  "value": "getAll",
  "path": "_id",
  "reason": {},
  "valueType": "string"
}
2024-09-04 18:37:34 [ERROR]: undefined {
  "stringValue": "\"getAll\"",
  "kind": "ObjectId",
  "value": "getAll",
  "path": "_id",
  "reason": {},
  "valueType": "string"
}
2024-09-04 18:41:19 [ERROR]: undefined {
  "stringValue": "\"getAll\"",
  "kind": "ObjectId",
  "value": "getAll",
  "path": "_id",
  "reason": {},
  "valueType": "string"
}
2024-09-04 18:41:20 [ERROR]: undefined {
  "stringValue": "\"getAll\"",
  "kind": "ObjectId",
  "value": "getAll",
  "path": "_id",
  "reason": {},
  "valueType": "string"
}
2024-09-04 18:42:39 [ERROR]: undefined {
  "stringValue": "\"getAll\"",
  "kind": "ObjectId",
  "value": "getAll",
  "path": "_id",
  "reason": {},
  "valueType": "string"
}
2024-09-04 18:43:09 [ERROR]: undefined {
  "stringValue": "\"getAll\"",
  "kind": "ObjectId",
  "value": "getAll",
  "path": "_id",
  "reason": {},
  "valueType": "string"
}
2024-09-04 18:44:52 [ERROR]: undefined {
  "stringValue": "\"getAll\"",
  "kind": "ObjectId",
  "value": "getAll",
  "path": "_id",
  "reason": {},
  "valueType": "string"
}
2024-09-04 18:46:18 [ERROR]: undefined {
  "stringValue": "\"getAll\"",
  "kind": "ObjectId",
  "value": "getAll",
  "path": "_id",
  "reason": {},
  "valueType": "string"
}
2024-09-04 18:49:16 [ERROR]: undefined {
  "stringValue": "\"all\"",
  "kind": "ObjectId",
  "value": "all",
  "path": "_id",
  "reason": {},
  "valueType": "string"
}
2024-09-04 18:49:56 [ERROR]: undefined {
  "stringValue": "\"all\"",
  "kind": "ObjectId",
  "value": "all",
  "path": "_id",
  "reason": {},
  "valueType": "string"
}
2024-09-04 18:51:39 [ERROR]: undefined {
  "stringValue": "\"all\"",
  "kind": "ObjectId",
  "value": "all",
  "path": "_id",
  "reason": {},
  "valueType": "string"
}
2024-09-04 18:52:35 [ERROR]: undefined {
  "stringValue": "\"getAll\"",
  "kind": "ObjectId",
  "value": "getAll",
  "path": "_id",
  "reason": {},
  "valueType": "string"
}
2024-09-04 18:52:54 [ERROR]: undefined {
  "stringValue": "\"getAll\"",
  "kind": "ObjectId",
  "value": "getAll",
  "path": "_id",
  "reason": {},
  "valueType": "string"
}
2024-09-04 18:53:24 [ERROR]: undefined {
  "stringValue": "\"all\"",
  "kind": "ObjectId",
  "value": "all",
  "path": "_id",
  "reason": {},
  "valueType": "string"
}
2024-09-04 18:54:13 [ERROR]: undefined {
  "stringValue": "\"all\"",
  "kind": "ObjectId",
  "value": "all",
  "path": "_id",
  "reason": {},
  "valueType": "string"
}
2024-09-04 18:57:52 [ERROR]: undefined {
  "stringValue": "\"initialize\"",
  "kind": "ObjectId",
  "value": "initialize",
  "path": "_id",
  "reason": {},
  "valueType": "string"
}
2024-09-04 18:58:03 [ERROR]: undefined {
  "stringValue": "\"create\"",
  "kind": "ObjectId",
  "value": "create",
  "path": "_id",
  "reason": {},
  "valueType": "string"
}
2024-09-04 18:58:29 [ERROR]: undefined {
  "stringValue": "\"create\"",
  "kind": "ObjectId",
  "value": "create",
  "path": "_id",
  "reason": {},
  "valueType": "string"
}
2024-09-04 18:59:18 [ERROR]: undefined {
  "stringValue": "\"all\"",
  "kind": "ObjectId",
  "value": "all",
  "path": "_id",
  "reason": {},
  "valueType": "string"
}
2024-09-04 19:00:02 [ERROR]: undefined {
  "stringValue": "\"all\"",
  "kind": "ObjectId",
  "value": "all",
  "path": "_id",
  "reason": {},
  "valueType": "string"
}
2024-09-04 19:00:05 [ERROR]: undefined {
  "stringValue": "\"all\"",
  "kind": "ObjectId",
  "value": "all",
  "path": "_id",
  "reason": {},
  "valueType": "string"
}
2024-09-04 19:00:09 [ERROR]: undefined {
  "stringValue": "\"all\"",
  "kind": "ObjectId",
  "value": "all",
  "path": "_id",
  "reason": {},
  "valueType": "string"
}
2024-09-04 19:02:24 [ERROR]: undefined {
  "stringValue": "\"all\"",
  "kind": "ObjectId",
  "value": "all",
  "path": "_id",
  "reason": {},
  "valueType": "string"
}
2024-09-04 19:02:25 [ERROR]: undefined {
  "stringValue": "\"all\"",
  "kind": "ObjectId",
  "value": "all",
  "path": "_id",
  "reason": {},
  "valueType": "string"
}
2024-09-04 19:02:25 [ERROR]: undefined {
  "stringValue": "\"all\"",
  "kind": "ObjectId",
  "value": "all",
  "path": "_id",
  "reason": {},
  "valueType": "string"
}
2024-09-04 19:02:26 [ERROR]: undefined {
  "stringValue": "\"all\"",
  "kind": "ObjectId",
  "value": "all",
  "path": "_id",
  "reason": {},
  "valueType": "string"
}
2024-09-04 19:02:26 [ERROR]: undefined {
  "stringValue": "\"all\"",
  "kind": "ObjectId",
  "value": "all",
  "path": "_id",
  "reason": {},
  "valueType": "string"
}
2024-09-04 19:02:26 [ERROR]: undefined {
  "stringValue": "\"all\"",
  "kind": "ObjectId",
  "value": "all",
  "path": "_id",
  "reason": {},
  "valueType": "string"
}
2024-09-04 19:02:26 [ERROR]: undefined {
  "stringValue": "\"all\"",
  "kind": "ObjectId",
  "value": "all",
  "path": "_id",
  "reason": {},
  "valueType": "string"
}
2024-09-04 19:02:27 [ERROR]: undefined {
  "stringValue": "\"all\"",
  "kind": "ObjectId",
  "value": "all",
  "path": "_id",
  "reason": {},
  "valueType": "string"
}
2024-09-04 19:02:35 [ERROR]: undefined {
  "stringValue": "\"all\"",
  "kind": "ObjectId",
  "value": "all",
  "path": "_id",
  "reason": {},
  "valueType": "string"
}
2024-09-04 19:02:39 [ERROR]: undefined {
  "stringValue": "\"all\"",
  "kind": "ObjectId",
  "value": "all",
  "path": "_id",
  "reason": {},
  "valueType": "string"
}
2024-09-04 19:04:47 [ERROR]: undefined {
  "stringValue": "\"all\"",
  "kind": "ObjectId",
  "value": "all",
  "path": "_id",
  "reason": {},
  "valueType": "string"
}
2024-09-05 02:59:37 [ERROR]: undefined {
  "stringValue": "\"initialize\"",
  "kind": "ObjectId",
  "value": "initialize",
  "path": "_id",
  "reason": {},
  "valueType": "string"
}
2024-09-05 12:39:41 [ERROR]: getAllMembers: Error encountered - Invalid DNI format 
2024-09-05 12:41:03 [ERROR]: getAllMembers: Error encountered - Invalid member number format 
2024-09-13 22:32:14 [ERROR]: undefined 
2024-09-13 22:34:18 [ERROR]: undefined 
2024-09-13 22:34:20 [ERROR]: undefined 
2024-09-13 22:34:21 [ERROR]: undefined 
2024-09-13 22:34:21 [ERROR]: undefined 
2024-09-13 22:34:21 [ERROR]: undefined 
2024-09-13 22:34:22 [ERROR]: undefined 
2024-09-13 23:06:55 [ERROR]: Expected ',' or ']' after array element in JSON at position 335 
2024-09-14 00:53:34 [ERROR]: Expected ',' or '}' after property value in JSON at position 186 
2024-09-14 04:42:35 [ERROR]: request entity too large 
2024-09-20 01:48:55 [ERROR]: request entity too large 
2024-09-20 01:58:05 [ERROR]: request entity too large 
2024-09-20 18:02:32 [ERROR]: request entity too large 
2024-09-21 17:43:51 [ERROR]: undefined {
  "stringValue": "\"undefined\"",
  "kind": "ObjectId",
  "value": "undefined",
  "path": "_id",
  "reason": {},
  "valueType": "string"
}
2024-09-25 15:45:19 [ERROR]: request entity too large 
2024-10-15 13:39:57 [ERROR]: Class constructor EmailRoutes cannot be invoked without 'new' 
2024-10-16 19:54:15 [ERROR]: Cast to ObjectId failed for value "all" (type string) at path "_id" for model "User" 
2024-10-16 19:57:42 [ERROR]: Cast to ObjectId failed for value "all" (type string) at path "_id" for model "User" 
2024-10-16 19:59:32 [ERROR]: Cast to ObjectId failed for value "all" (type string) at path "_id" for model "User" 
2024-10-16 20:06:50 [ERROR]: Cast to ObjectId failed for value "all" (type string) at path "_id" for model "User" 
2024-10-16 20:07:29 [ERROR]: Cast to ObjectId failed for value "all" (type string) at path "_id" for model "User" 
2024-10-16 20:09:15 [ERROR]: Cast to ObjectId failed for value "all" (type string) at path "_id" for model "User" 
2024-10-16 20:13:14 [ERROR]: Cast to ObjectId failed for value "all" (type string) at path "_id" for model "User" 
2024-10-16 20:18:26 [ERROR]: Cast to ObjectId failed for value "all" (type string) at path "_id" for model "User" 
2024-10-16 20:20:41 [ERROR]: Cast to ObjectId failed for value "all" (type string) at path "_id" for model "User" 
2024-10-16 20:21:43 [ERROR]: Cast to ObjectId failed for value "all" (type string) at path "_id" for model "User" 
2024-10-16 20:22:29 [ERROR]: Cast to ObjectId failed for value "all" (type string) at path "_id" for model "User" 
2024-10-17 12:31:41 [ERROR]: Error al procesar los correos: Unexpected search option: AKK 
2024-10-17 13:21:32 [ERROR]: Error procesando el correo: input.once is not a function 
2024-10-17 13:21:32 [ERROR]: Error procesando el correo: input.once is not a function 
2024-10-17 13:21:32 [ERROR]: Error procesando el correo: input.once is not a function 
2024-10-17 13:21:32 [ERROR]: Error procesando el correo: input.once is not a function 
2024-10-17 13:21:32 [ERROR]: Error procesando el correo: input.once is not a function 
2024-10-17 13:21:32 [ERROR]: Error procesando el correo: input.once is not a function 
2024-10-17 13:21:32 [ERROR]: Error procesando el correo: input.once is not a function 
2024-10-17 13:21:32 [ERROR]: Error procesando el correo: input.once is not a function 
2024-10-17 13:21:32 [ERROR]: Error procesando el correo: input.once is not a function 
2024-10-17 13:21:32 [ERROR]: Error procesando el correo: input.once is not a function 
2024-10-18 20:00:26 [ERROR]: Token validation failed: jwt expired 
2024-10-22 19:37:22 [ERROR]: Cast to ObjectId failed for value "login" (type string) at path "_id" for model "User" 
2024-10-22 19:38:55 [ERROR]: Cast to ObjectId failed for value "login" (type string) at path "_id" for model "User" 
2024-10-23 23:31:46 [ERROR]: request entity too large 
2024-10-23 23:46:12 [ERROR]: incorrect header check 
2024-10-23 23:53:51 [ERROR]: incorrect header check 
2024-10-23 23:58:32 [ERROR]: incorrect header check 
2024-10-24 10:19:19 [ERROR]: DC150000:error:0A000438:SSL routines:ssl3_read_bytes:tlsv1 alert internal error:c:\ws\deps\openssl\openssl\ssl\record\rec_layer_s3.c:1586:SSL alert number 80
 
2024-10-24 10:19:24 [ERROR]: DC150000:error:0A000438:SSL routines:ssl3_read_bytes:tlsv1 alert internal error:c:\ws\deps\openssl\openssl\ssl\record\rec_layer_s3.c:1586:SSL alert number 80
 
2024-10-24 10:19:35 [ERROR]: DC150000:error:0A000438:SSL routines:ssl3_read_bytes:tlsv1 alert internal error:c:\ws\deps\openssl\openssl\ssl\record\rec_layer_s3.c:1586:SSL alert number 80
 
2024-10-24 11:47:59 [ERROR]: undefined {
  "errorResponse": {
    "index": 0,
    "code": 11000,
    "errmsg": "E11000 duplicate key error collection: cluster0.members index: dni_1 dup key: { dni: \"53198877S\" }",
    "keyPattern": {
      "dni": 1
    },
    "keyValue": {
      "dni": "53198877S"
    }
  },
  "index": 0,
  "code": 11000,
  "keyPattern": {
    "dni": 1
  },
  "keyValue": {
    "dni": "53198877S"
  }
}
2024-10-24 18:40:42 [ERROR]: DC150000:error:0A000438:SSL routines:ssl3_read_bytes:tlsv1 alert internal error:c:\ws\deps\openssl\openssl\ssl\record\rec_layer_s3.c:1586:SSL alert number 80
 
2024-10-24 18:40:43 [ERROR]: DC150000:error:0A000438:SSL routines:ssl3_read_bytes:tlsv1 alert internal error:c:\ws\deps\openssl\openssl\ssl\record\rec_layer_s3.c:1586:SSL alert number 80
 
2024-10-24 18:40:44 [ERROR]: DC150000:error:0A000438:SSL routines:ssl3_read_bytes:tlsv1 alert internal error:c:\ws\deps\openssl\openssl\ssl\record\rec_layer_s3.c:1586:SSL alert number 80
 
2024-10-24 18:40:44 [ERROR]: DC150000:error:0A000438:SSL routines:ssl3_read_bytes:tlsv1 alert internal error:c:\ws\deps\openssl\openssl\ssl\record\rec_layer_s3.c:1586:SSL alert number 80
 
2024-10-24 18:40:44 [ERROR]: DC150000:error:0A000438:SSL routines:ssl3_read_bytes:tlsv1 alert internal error:c:\ws\deps\openssl\openssl\ssl\record\rec_layer_s3.c:1586:SSL alert number 80
 
2024-10-24 18:40:44 [ERROR]: DC150000:error:0A000438:SSL routines:ssl3_read_bytes:tlsv1 alert internal error:c:\ws\deps\openssl\openssl\ssl\record\rec_layer_s3.c:1586:SSL alert number 80
 
2024-10-24 18:41:12 [ERROR]: DC150000:error:0A000438:SSL routines:ssl3_read_bytes:tlsv1 alert internal error:c:\ws\deps\openssl\openssl\ssl\record\rec_layer_s3.c:1586:SSL alert number 80
 
2024-10-24 18:41:13 [ERROR]: DC150000:error:0A000438:SSL routines:ssl3_read_bytes:tlsv1 alert internal error:c:\ws\deps\openssl\openssl\ssl\record\rec_layer_s3.c:1586:SSL alert number 80
 
2024-10-24 18:41:14 [ERROR]: DC150000:error:0A000438:SSL routines:ssl3_read_bytes:tlsv1 alert internal error:c:\ws\deps\openssl\openssl\ssl\record\rec_layer_s3.c:1586:SSL alert number 80
 
2024-10-24 18:41:14 [ERROR]: DC150000:error:0A000438:SSL routines:ssl3_read_bytes:tlsv1 alert internal error:c:\ws\deps\openssl\openssl\ssl\record\rec_layer_s3.c:1586:SSL alert number 80
 
2024-10-24 18:41:14 [ERROR]: DC150000:error:0A000438:SSL routines:ssl3_read_bytes:tlsv1 alert internal error:c:\ws\deps\openssl\openssl\ssl\record\rec_layer_s3.c:1586:SSL alert number 80
 
2024-10-24 18:41:50 [ERROR]: DC150000:error:0A000438:SSL routines:ssl3_read_bytes:tlsv1 alert internal error:c:\ws\deps\openssl\openssl\ssl\record\rec_layer_s3.c:1586:SSL alert number 80
 
2024-10-24 18:57:40 [ERROR]: DC150000:error:0A000438:SSL routines:ssl3_read_bytes:tlsv1 alert internal error:c:\ws\deps\openssl\openssl\ssl\record\rec_layer_s3.c:1586:SSL alert number 80
 
2024-10-29 23:20:51 [ERROR]: No permitido por CORS 
2024-10-29 23:21:10 [ERROR]: No permitido por CORS 
2024-10-30 11:37:01 [ERROR]: 4C8D0000:error:0A000438:SSL routines:ssl3_read_bytes:tlsv1 alert internal error:c:\ws\deps\openssl\openssl\ssl\record\rec_layer_s3.c:1586:SSL alert number 80
 
2024-10-30 11:38:41 [ERROR]: Topology is closed 
