2024-08-30T13:36:09.040Z - Error: Invalid credentials
2024-08-30T13:36:18.554Z - Error: Invalid credentials
2024-08-30T13:36:20.067Z - Error: Invalid credentials
2024-08-30T13:36:22.824Z - Error: Invalid credentials
2024-08-30T13:36:24.012Z - Error: Invalid credentials
2024-08-30T14:22:45.703Z - ValidationError: username: Path `username` is required.
2024-08-30T14:29:11.446Z - ValidationError: username: Path `username` is required.
2024-08-30T14:30:09.258Z - ValidationError: username: Path `username` is required.
2024-08-30T14:36:00.600Z - ValidationError: username: Path `username` is required.
2024-08-30T15:27:13.756Z - ValidationError: username: Path `username` is required.
2024-08-30T16:23:12.260Z - Error: User already exists
2024-08-30T16:26:43.218Z - Error: User already exists
2024-08-30T16:32:04.301Z - Error: User already exists
2024-08-30T16:32:26.873Z - Error: User already exists
2024-08-30T16:33:09.461Z - Error: User already exists
2024-08-30T16:38:10.825Z - Error: User already exists
2024-08-30T16:38:25.405Z - Error: User already exists
2024-08-30T16:42:21.248Z - Error: User already exists
2024-08-30T16:43:02.605Z - Error: Invalid credentials
2024-08-30T16:44:03.378Z - Error: Invalid credentials
2024-08-30T16:44:07.092Z - Error: Invalid credentials
2024-08-30T16:44:08.283Z - Error: Invalid credentials
2024-08-30T16:56:54.418Z - Error: Invalid credentials
2024-08-30T16:56:59.757Z - Error: Invalid credentials
2024-08-30T16:57:01.060Z - Error: Invalid credentials
2024-08-30T16:57:03.867Z - Error: Invalid credentials
2024-08-30T16:57:04.904Z - Error: Invalid credentials
2024-08-30T16:57:05.664Z - Error: Invalid credentials
2024-08-30T17:05:03.714Z - Error: Invalid credentials
2024-08-30T17:05:05.538Z - Error: Invalid credentials
2024-08-30T17:05:25.582Z - Error: Invalid credentials
2024-08-30T17:07:41.714Z - Error: Invalid credentials
2024-08-30T17:12:23.884Z - Error: Invalid credentials: Incorrect password
2024-08-30T17:16:51.056Z - Error: Invalid credentials: Incorrect password
2024-08-30T17:17:16.848Z - Error: Invalid credentials: Incorrect password
2024-08-30T17:17:24.232Z - Error: Invalid credentials: Incorrect password
2024-08-30T17:17:25.177Z - Error: Invalid credentials: Incorrect password
2024-08-30T17:23:26.405Z - Error: Invalid credentials: Incorrect password
2024-08-30T17:23:58.937Z - Error: Invalid credentials: Incorrect password
2024-08-30T17:24:03.271Z - Error: Invalid credentials: Incorrect password
2024-08-30T17:24:04.692Z - Error: Invalid credentials: Incorrect password
2024-08-30T17:24:05.446Z - Error: Invalid credentials: Incorrect password
2024-08-30T17:26:03.016Z - Error: Invalid credentials: Incorrect password
2024-08-30T17:26:05.491Z - Error: Invalid credentials: Incorrect password
2024-08-30T17:26:06.578Z - Error: Invalid credentials: Incorrect password
2024-08-30T17:26:07.694Z - Error: Invalid credentials: Incorrect password
2024-08-30T17:26:29.347Z - Error: Invalid credentials: Incorrect password
2024-08-30T17:34:54.177Z - Error: Invalid credentials: Incorrect password
2024-08-30T17:34:56.632Z - Error: Invalid credentials: Incorrect password
2024-08-30T17:34:57.274Z - Error: Invalid credentials: Incorrect password
2024-08-30T17:34:57.984Z - Error: Invalid credentials: Incorrect password
2024-08-30T17:34:58.578Z - Error: Invalid credentials: Incorrect password
2024-08-30T17:34:59.138Z - Error: Invalid credentials: Incorrect password
2024-08-30T17:34:59.664Z - Error: Invalid credentials: Incorrect password
2024-08-30T17:35:00.220Z - Error: Invalid credentials: Incorrect password
2024-08-30T17:39:26.393Z - Error: Invalid credentials: Incorrect password
2024-08-30T17:40:53.977Z - Error: Invalid credentials: Incorrect password
2024-08-30T17:41:17.154Z - Error: Invalid credentials: Incorrect password
2024-08-30T17:41:48.191Z - Error: Invalid credentials: Incorrect password
2024-08-30T17:42:12.282Z - Error: Invalid credentials: Incorrect password
2024-08-30T17:48:20.858Z - Error: Invalid credentials: Incorrect password
2024-08-31T01:02:37.664Z - Error: User already exists
2024-08-31T14:53:07.748Z - Error: Mail command failed: 501 Syntax error in parameters or arguments
2024-08-31T14:56:55.309Z - Error: Mail command failed: 501 Syntax error in parameters or arguments
2024-08-31T14:58:16.327Z - Error: Mail command failed: 501 Syntax error in parameters or arguments
2024-08-31T14:58:48.072Z - Error: Mail command failed: 501 Syntax error in parameters or arguments
2024-08-31T14:59:34.482Z - Error: Mail command failed: 501 Syntax error in parameters or arguments
2024-08-31T15:07:29.240Z - Error: Failed to send email: Mail command failed: 501 Syntax error in parameters or arguments
2024-08-31T15:08:14.673Z - Error: Failed to send email: Mail command failed: 501 Syntax error in parameters or arguments
2024-08-31T15:09:10.040Z - Error: Failed to send email: Mail command failed: 501 Syntax error in parameters or arguments
2024-09-02T13:49:39.540Z - Error: Invalid user ID.
2024-09-02T13:54:48.969Z - Error: Invalid user ID.
2024-09-02T13:58:00.056Z - Error: Invalid user ID.
2024-09-02T14:08:50.093Z - Error: Invalid credentials: Incorrect password
2024-09-02T14:12:32.646Z - Error: Invalid credentials: Incorrect password
2024-09-02T14:22:23.712Z - Error: Invalid credentials: Incorrect password
